#POS 101 #EPG 2002 #7fd:189d:1 #FTA BBC 1 London
#POS 102 #EPG 2006 #7fd:189e:1 #FTA BBC 2 England
#POS 103 #EPG 6000 #7fc:274c:1 #FTA ITV
#POS 104 #EPG 1621 #7f9:23fb:1 #FTA Channel 4
#POS 105 #EPG 1801 #809:1e14:1 #FTA Channel 5
#POS 106 #EPG 4061 #7f1:f15:19 #NDS Sky1 HD
#POS 107 #EPG 4066 #7d5:f1a:19 #NDS Sky Living HD
#POS 108 #EPG 4053 #7f1:f0d:19 #NDS Sky Atlantic HD
#POS 109 #EPG 3810 #7e9:ee2:19 #NDS Watch HD
#POS 110 #EPG 2304 #7d6:1968:1 #NDS GOLD
#POS 111 #EPG 3809 #7e9:ee1:19 #NDS Dave HD
#POS 112 #EPG 4056 #7e4:f10:19 #NDS Comedy Cen HD
#POS 113 #EPG 4080 #7f3:f28:19 #NDS Universal HD
#POS 114 #EPG 4074 #7f0:f22:19 #NDS Syfy HD
#POS 115 #EPG 2061 #800:286f:1 #FTA BBC THREE
#POS 116 #EPG 2018 #7fd:18ac:1 #FTA BBC FOUR
#POS 118 #EPG 6532 #7d3:f5c:19 #NDS ITV2 HD
#POS 119 #EPG 6533 #7d3:f5d:19 #NDS ITV3 HD
#POS 120 #EPG 6534 #7d3:f5e:19 #NDS ITV4 HD
#POS 121 #EPG 1833 #7ea:1290:1 #NDS Sky2
#POS 122 #EPG 2207 #968:178e:1 #NDS Sky Livingit
#POS 123 #EPG 2205 #7ee:1793:1 #NDS Sky Living+1
#POS 124 #EPG 4023 #7d8:eef:19 #NDS FOX HD
#POS 125 #EPG 2202 #966:178f:1 #FTA Challenge
#POS 126 #EPG 3831 #7e9:ef7:19 #NDS MTV HD
#POS 127 #EPG 3802 #96b:c78b:1 #NDS ComedyCtrl+1
#POS 128 #EPG 1813 #7e7:1537:1 #NDS ComedyCtralX
#POS 129 #EPG 4063 #7f7:f17:19 #NDS Sky Arts 1 HD
#POS 130 #EPG 4064 #7d8:f18:19 #NDS Sky Arts 2 HD
#POS 131 #EPG 6155 #805:27ab:1 #FTA ITV +1
#POS 132 #EPG 3825 #807:ef1:19 #NDS alibi HD
#POS 133 #EPG 2703 #7df:1db5:1 #NDS GOLD +1
#POS 134 #EPG 5701 #7e2:1bf8:1 #FTA S4C
#POS 135 #EPG 1670 #7fa:2077:1 #FTA Channel 4 +1
#POS 136 #EPG 4076 #7d8:f24:19 #NDS E4 HD
#POS 137 #EPG 3300 #7fa:206c:1 #FTA E4+1
#POS 138 #EPG 4043 #7ef:f03:19 #NDS More4 HD
#POS 139 #EPG 3310 #7f9:240e:1 #FTA More4 +1
#POS 140 #EPG 3150 #814:5302:1 #FTA 4seven
#POS 143 #EPG 2076 #802:1b1d:19 #FTA BBC One HD
#POS 144 #EPG 3618 #90b:ccbf:1 #NDS DMAX
#POS 145 #EPG 1865 #90b:ccc4:1 #NDS DMAX+1
#POS 146 #EPG 3352 #909:d01b:1 #FTA CBS Reality
#POS 147 #EPG 3602 #8fd:cb86:1 #FTA CBS Reality+1
#POS 148 #EPG 4610 #907:cb27:1 #FTA CBS Action
#POS 149 #EPG 3617 #900:c6d7:1 #FTA CBS Drama
#POS 150 #EPG 3207 #8ff:cbfc:1 #NDS Universal+1
#POS 151 #EPG 4028 #807:fbc:19 #NDS E! HD
#POS 152 #EPG 1832 #7ea:128f:1 #FTA PICK TV
#POS 153 #EPG 1836 #7ea:13f3:1 #FTA PICK TV+1
#POS 154 #EPG 6761 #7d9:1843:1 #NDS QUEST
#POS 155 #EPG 2616 #7df:1dbf:1 #NDS Watch +1
#POS 156 #EPG 1873 #968:122f:1 #NDS Bio
#POS 157 #EPG 3358 #907:cb25:1 #FTA Sony TV
#POS 158 #EPG 2320 #7df:1dc8:1 #NDS Dave ja vu
#POS 159 #EPG 3607 #900:d7ab:1 #NDS ComedyCtlX+1
#POS 160 #EPG 2515 #7da:1b5d:1 #NDS MTV+1 
#POS 161 #EPG 1251 #7fb:2581:1 #NDS RTE One
#POS 162 #EPG 1270 #7fb:2588:19 #NDS RTE TWO HD
#POS 163 #EPG 1253 #7fb:2583:1 #NDS TG4
#POS 164 #EPG 4332 #966:178a:1 #FTA Challenge+1
#POS 165 #EPG 1791 #7e7:151a:1 #NDS FOX+
#POS 166 #EPG 5500 #7e5:157c:1 #NDS PBS America
#POS 167 #EPG 3621 #90b:ccce:1 #NDS QUEST+1
#POS 168 #EPG 2012 #7ff:1917:1 #FTA BBC ALBA
#POS 169 #EPG 2075 #802:1b1c:19 #FTA BBC HD
#POS 170 #EPG 1402 #7ee:125f:1 #NDS Sky1 
#POS 171 #EPG 4058 #7ed:f12:19 #NDS Channel 5 HD
#POS 172 #EPG 1403 #7e5:57b:1 #NDS Sky1 +1
#POS 173 #EPG 1413 #966:585:1 #NDS Sky Atlantic+1
#POS 174 #EPG 3022 #809:1e1e:1 #FTA 5 USA
#POS 175 #EPG 3027 #809:1e1f:1 #FTA 5 USA +1
#POS 176 #EPG 3023 #809:1e23:1 #FTA 5*
#POS 177 #EPG 1839 #809:1e28:1 #FTA Channel 5+1
#POS 178 #EPG 6504 #801:2710:19 #FTA ITV HD
#POS 179 #EPG 6241 #805:27b5:1 #FTA ITV2+1
#POS 180 #EPG 6261 #806:2815:1 #FTA ITV3+1
#POS 181 #EPG 3216 #a2c:d435:1 #FTA Sony TV +1
#POS 182 #EPG 3208 #a29:d336:1 #FTA BEN
#POS 183 #EPG 3406 #a2b:d3cc:1 #NDS AIT Int'l
#POS 184 #EPG 4266 #90a:d07f:1 #FTA True Ent
#POS 185 #EPG 3541 #a2a:d35e:1 #FTA more>movies
#POS 186 #EPG 3220 #96c:c7b0:1 #FTA m>movies+1
#POS 187 #EPG 3719 #909:cfee:1 #FTA BET:BlackEntTv
#POS 188 #EPG 1305 #7e5:158b:1 #NDS FOX
#POS 189 #EPG 4350 #900:d7e6:1 #FTA propeller
#POS 190 #EPG 4406 #907:cb5c:1 #FTA BET +1
#POS 191 #EPG 6758 #a36:d809:1 #FTA Showcase
#POS 192 #EPG 4933 #a36:d80a:1 #FTA Showcase 2
#POS 194 #EPG 2513 #8ff:cc38:1 #NDS Syfy +1
#POS 195 #EPG 5711 #90b:ccc9:1 #FTA DMAX+2
#POS 196 #EPG 2630 #7df:1dce:1 #NDS alibi +1
#POS 197 #EPG 3619 #8fd:cbc8:1 #NDS Bio+1
#POS 198 #EPG 1894 #a2c:d449:1 #FTA Horror
#POS 199 #EPG 3409 #a36:d80e:1 #FTA OH TV
#POS 200 #EPG 3410 #907:cb58:1 #FTA Controversial tv
#POS 201 #EPG 2505 #8ff:cc1a:1 #NDS Syfy
#POS 202 #EPG 1628 #7fa:2071:1 #FTA E4
#POS 203 #EPG 3731 #900:d7ae:1 #FTA My Channel
#POS 204 #EPG 1842 #8ff:cc1f:1 #NDS Universal
#POS 205 #EPG 2510 #7e5:1798:1 #NDS ComedyCentral
#POS 206 #EPG 6274 #801:271f:1 #FTA ITV4+1
#POS 207 #EPG 6240 #7fc:2756:1 #FTA ITV2
#POS 208 #EPG 6260 #806:2814:1 #FTA ITV3
#POS 209 #EPG 4401 #a35:d7e8:1 #FTA Africa Channel
#POS 212 #EPG 3641 #a36:d808:1 #FTA Information TV
#POS 213 #EPG 2306 #7d6:196a:1 #NDS Dave
#POS 214 #EPG 2617 #7d6:1978:1 #NDS Watch
#POS 217 #EPG 4052 #7f7:516:19 #NDS Sky 3D
#POS 218 #EPG 3108 #969:c6c8:1 #FTA Vox Africa
#POS 219 #EPG 3028 #809:1e24:1 #FTA 5* +1
#POS 220 #EPG 2501 #7da:1b59:1 #NDS MTV
#POS 221 #EPG 4330 #966:1789:1 #NDS Sky Livingit+1
#POS 222 #EPG 1752 #7ee:11fc:1 #NDS Sky Arts 1 
#POS 223 #EPG 1753 #7e7:1324:1 #NDS Sky Arts 2
#POS 227 #EPG 1252 #7fb:2582:1 #NDS RTE TWO
#POS 228 #EPG 6272 #7fc:2758:1 #FTA ITV4
#POS 229 #EPG 2303 #7d6:1979:1 #NDS alibi
#POS 230 #EPG 4075 #814:52d0:19 #FTA Channel 4 HD
#POS 231 #EPG 1412 #7ee:1268:1 #NDS Sky Atlantic
#POS 232 #EPG 5070 #907:cb66:1 #FTA Klear TV
#POS 233 #EPG 1360 #909:cfdf:1 #NDS E!
#POS 235 #EPG 2201 #7ee:178c:1 #NDS Sky Living
#POS 236 #EPG 3340 #7fa:2094:1 #FTA More4
#POS 237 #EPG 5338 #90a:d084:1 #FTA True Ent+1
#POS 240 #EPG 2403 #7d9:183b:1 #NDS Disc.RealTime
#POS 241 #EPG 1353 #90b:ccdd:1 #NDS Disc.RT+1
#POS 242 #EPG 4548 #90b:ccd8:1 #NDS Discovery Shed
#POS 246 #EPG 2301 #7d6:1965:1 #NDS Home
#POS 247 #EPG 4067 #7eb:f1b:19 #NDS Good Food HD
#POS 248 #EPG 2325 #7d6:197b:1 #NDS Really
#POS 249 #EPG 2309 #7df:1db0:1 #NDS Home+1
#POS 250 #EPG 2326 #7df:1dca:1 #NDS Good Food +1
#POS 251 #EPG 5607 #a2a:d356:1 #FTA Travel Channel
#POS 252 #EPG 5617 #8fd:cb84:1 #FTA Travel Ch +1
#POS 253 #EPG 2711 #a2c:d43f:1 #NDS The Style Ntwk
#POS 254 #EPG 2408 #7d9:1840:1 #NDS Home & Health
#POS 255 #EPG 2410 #90b:cce2:1 #NDS Home&Health+
#POS 262 #EPG 3590 #909:d00c:1 #FTA Food Network
#POS 263 #EPG 3592 #909:d016:1 #FTA Food Netwrk+1
#POS 265 #EPG 2405 #7d9:183d:1 #NDS Travel & Living
#POS 266 #EPG 4550 #962:d8d6:1 #FTA wedding tv
#POS 267 #EPG 4523 #90a:d071:1 #FTA ?TV
#POS 273 #EPG 4089 #a35:d7d4:1 #FTA Luxury Life
#POS 280 #EPG 3001 #a2a:d37c:1 #FTA Horse & Country
#POS 281 #EPG 3547 #a36:d822:1 #FTA The Active Ch
#POS 282 #EPG 5165 #a2a:d395:1 #FTA Fitness TV
#POS 283 #EPG 2308 #7d6:196c:1 #NDS Good Food
#POS 284 #EPG 3583 #a35:d7c4:1 #FTA holiday+cruise
#POS 301 #EPG 4021 #7e0:eed:19 #NDS SkyPremiereHD
#POS 302 #EPG 1823 #7d7:1135:1 #NDS Sky Prem+1
#POS 303 #EPG 4033 #7d1:ef9:19 #NDS Sky ShowcseHD
#POS 304 #EPG 4019 #7e8:eeb:19 #NDS Sky Comedy HD
#POS 305 #EPG 4014 #7ec:ee6:19 #NDS Sky Action HD
#POS 306 #EPG 4018 #7e0:eea:19 #NDS Sky Family HD
#POS 307 #EPG 4062 #7e0:f16:19 #NDS Sky Thriller HD
#POS 308 #EPG 4016 #7e8:ee8:19 #NDS Sky DraRomHD
#POS 309 #EPG 4017 #7e8:ee9:19 #NDS Sky ScFi/HorHD
#POS 310 #EPG 4015 #7e8:ee7:19 #NDS Sky MdnGrtsHD
#POS 311 #EPG 4012 #7f3:ee4:19 #NDS Sky Classics HD
#POS 312 #EPG 4020 #7f3:eec:19 #NDS Sky Indie HD
#POS 313 #EPG 4007 #7e0:edf:19 #NDS MGM HD
#POS 314 #EPG 1409 #7d7:1134:1 #NDS Sky Premiere
#POS 315 #EPG 1627 #7f9:2404:1 #FTA Film4
#POS 316 #EPG 1629 #7f9:2409:1 #FTA Film4 +1
#POS 317 #EPG 3811 #807:f33:19 #NDS TCM HD
#POS 318 #EPG 1372 #7e5:1592:1 #NDS TCM 2
#POS 319 #EPG 3605 #8fd:cb89:1 #FTA horror channel
#POS 320 #EPG 4502 #907:cb22:1 #FTA horror ch+1
#POS 321 #EPG 3643 #90a:d048:1 #FTA True Movies 1
#POS 322 #EPG 3751 #90a:d04d:1 #FTA True Movies 2
#POS 323 #EPG 3709 #96c:c7ad:1 #FTA Sony Movies
#POS 324 #EPG 3771 #96c:c7af:1 #FTA Sony Movies+1
#POS 325 #EPG 3708 #96c:c7ac:1 #FTA movies4men
#POS 326 #EPG 3721 #96c:c7ae:1 #FTA mov4men+1
#POS 327 #EPG 4420 #8ff:cc29:1 #NDS Movies 24
#POS 328 #EPG 4421 #8ff:cc2e:1 #NDS Movies 24+
#POS 329 #EPG 3510 #a2b:d3c9:1 #NDS Nollywood
#POS 330 #EPG 1814 #7ee:11fa:1 #NDS Sky Showcase
#POS 331 #EPG 1002 #7d7:10cf:1 #NDS Sky Comedy
#POS 332 #EPG 1001 #7d7:10ce:1 #NDS Sky Action
#POS 333 #EPG 1808 #7d7:1133:1 #NDS Sky Family
#POS 334 #EPG 1818 #7d7:1136:1 #NDS Sky Thriller
#POS 335 #EPG 1816 #7d7:157e:1 #NDS Sky DramaRom
#POS 336 #EPG 1807 #7d7:10d0:1 #NDS Sky ScFi/Horror
#POS 337 #EPG 1815 #7d7:1612:1 #NDS Sky Mdn Greats
#POS 339 #EPG 1811 #7d7:10d2:1 #NDS Sky Indie
#POS 340 #EPG 1812 #7d7:10d1:1 #NDS Sky Classics
#POS 341 #EPG 5605 #963:1796:1 #NDS TCM
#POS 350 #EPG 2512 #7da:1b64:1 #NDS MTV MUSIC
#POS 351 #EPG 2508 #7da:1b5f:1 #NDS MTV BASE
#POS 352 #EPG 2506 #7da:1b5e:1 #NDS MTV HITS
#POS 353 #EPG 2507 #7da:1b66:1 #NDS MTV DANCE
#POS 354 #EPG 2503 #7da:1b5b:1 #NDS MTV ROCKS
#POS 355 #EPG 2509 #7da:1b60:1 #NDS MTV CLASSIC
#POS 356 #EPG 2502 #7da:1b5a:1 #NDS VH1
#POS 357 #EPG 2511 #7da:1b61:1 #NDS VIVA
#POS 358 #EPG 4006 #7d1:ede:19 #NDS MTV Live HD
#POS 359 #EPG 1802 #7f8:2ee5:1 #NDS The Box
#POS 360 #EPG 1758 #7f8:2ee0:1 #NDS 4Music
#POS 361 #EPG 1858 #7f8:2eea:1 #NDS KISS
#POS 362 #EPG 1350 #7f8:2ef4:1 #NDS Smash Hits!
#POS 363 #EPG 1877 #967:c5d5:1 #NDS Magic
#POS 364 #EPG 1874 #967:c5d0:1 #NDS Heat
#POS 365 #EPG 3505 #90a:d075:1 #FTA Chart Show TV
#POS 366 #EPG 3935 #90a:d06b:1 #FTA The Vault
#POS 367 #EPG 3781 #90a:d034:1 #FTA Flava
#POS 368 #EPG 1853 #7f8:2eef:1 #NDS Kerrang!
#POS 369 #EPG 3531 #a2b:d3ce:1 #FTA Vintage TV
#POS 370 #EPG 3403 #8fd:cb8b:1 #FTA Channel AKA
#POS 371 #EPG 3603 #900:d7a2:1 #FTA Starz TV
#POS 372 #EPG 4205 #90a:d039:1 #FTA Bliss
#POS 374 #EPG 4210 #90a:d03e:1 #FTA Scuzz
#POS 376 #EPG 4215 #90a:d043:1 #FTA Chartshw Dnce
#POS 378 #EPG 4541 #907:cb2a:1 #FTA Greatest Hits TV
#POS 382 #EPG 3752 #90a:d057:1 #FTA BuzMuzik
#POS 383 #EPG 4505 #a34:d749:1 #FTA Clubland TV
#POS 385 #EPG 3682 #a34:d74a:1 #FTA Massive R&B
#POS 386 #EPG 3508 #969:c6c5:1 #FTA MTV Live
#POS 387 #EPG 3830 #a34:d747:1 #FTA Heart TV
#POS 388 #EPG 2552 #a34:d748:1 #FTA Capital TV
#POS 401 #EPG 4002 #7d5:eda:19 #NDS Sky Sports 1 HD
#POS 402 #EPG 4081 #7d1:f29:19 #NDS Sky Sports 2 HD
#POS 403 #EPG 4022 #7f2:eee:19 #NDS Sky Sports 3 HD
#POS 404 #EPG 4026 #7f1:ef2:19 #NDS Sky Sports 4 HD
#POS 405 #EPG 4049 #7ed:f09:19 #NDS Sky Sp NewsHD
#POS 406 #EPG 3835 #7f2:efb:19 #NDS Sky Spts F1 HD
#POS 407 #EPG 1301 #7e5:1076:1 #NDS Sky Sports 1
#POS 408 #EPG 1302 #7ea:1581:1 #NDS Sky Sports 2
#POS 409 #EPG 1333 #7e5:107b:1 #NDS Sky Sports 3
#POS 410 #EPG 4004 #7d8:edc:19 #NDS Eurosport HD
#POS 411 #EPG 4009 #7ef:fa9:19 #NDS Eurosport 2 HD
#POS 412 #EPG 1726 #7ee:1797:1 #NDS Eurosport
#POS 413 #EPG 3735 #964:c495:1 #FTA MOTORS TV UK
#POS 415 #EPG 1354 #968:12c4:1 #NDS At The Races
#POS 417 #EPG 4040 #7f0:f02:19 #NDS ESPN HD
#POS 418 #EPG 1834 #964:c4a9:1 #NDS MUTV
#POS 419 #EPG 3101 #964:c4ae:1 #NDS Extreme Sports
#POS 421 #EPG 1757 #7ee:179a:1 #NDS Chelsea TV
#POS 423 #EPG 3601 #96c:c7a7:1 #NDS Setanta Ireland
#POS 424 #EPG 4551 #96c:c7a8:1 #NDS Setanta Sports1
#POS 425 #EPG 3221 #909:cfd5:1 #NDS ESPN Classic
#POS 426 #EPG 4057 #7ed:f11:19 #NDS ESPN AmrcaHD
#POS 427 #EPG 3639 #967:c5bc:1 #NDS ESPN America
#POS 428 #EPG 5311 #96c:c7a9:1 #NDS Premier Sports
#POS 429 #EPG 3732 #967:c5c1:1 #NDS LiverpoolFCTV
#POS 430 #EPG 3119 #96c:c7ab:1 #NDS Prem Spts Xtra
#POS 432 #EPG 3636 #967:c5a8:1 #NDS Racing UK
#POS 433 #EPG 3141 #7ee:1795:1 #NDS ESPN
#POS 435 #EPG 1322 #7e7:1519:1 #NDS Sky Sports 4
#POS 436 #EPG 1314 #7e7:132b:1 #NDS Sky Spts News
#POS 437 #EPG 3417 #967:c5cb:1 #FTA BoxNation
#POS 439 #EPG 1306 #7e5:51a:1 #NDS Sky Sports F1
#POS 442 #EPG 4644 #963:1224:1 #NDS TRACE Sports
#POS 443 #EPG 1841 #7e7:1391:1 #NDS Eurosport 2
#POS 445 #EPG 4130 #907:cb2e:1 #FTA Sailing 1
#POS 447 #EPG 3540 #a2c:d44e:1 #FTA Sailing 2
#POS 498 #EPG 3575 #a35:d7cd:5 #NDS Primetime
#POS 501 #EPG 4050 #7f7:f0a:19 #NDS Sky News HD
#POS 502 #EPG 3260 #902:cd46:1 #FTA Bloomberg
#POS 503 #EPG 2011 #800:2876:1 #FTA BBC NEWS
#POS 504 #EPG 2072 #7fe:2843:1 #FTA BBC PARL'MNT
#POS 505 #EPG 3611 #8fd:cb8f:1 #FTA CNBC
#POS 506 #EPG 5602 #7e2:1be4:1 #FTA CNN
#POS 507 #EPG 3147 #908:cf9b:19 #FTA NHK World HD
#POS 508 #EPG 4604 #900:d7f0:1 #FTA Euronews
#POS 509 #EPG 1357 #968:12c1:1 #NDS FOX News
#POS 510 #EPG 3211 #a2b:d3c8:1 #FTA CCTV News
#POS 511 #EPG 1821 #962:d8d1:1 #NDS NDTV 24x7
#POS 512 #EPG 5314 #908:cf9c:19 #FTA RT HD
#POS 513 #EPG 4560 #902:cd5a:1 #FTA FRANCE Eng
#POS 514 #EPG 3107 #96c:c7a3:1 #FTA Al Jazeera Eng
#POS 515 #EPG 5337 #964:c4b3:1 #FTA CNC World
#POS 516 #EPG 1404 #7ea:1260:1 #FTA Sky News
#POS 517 #EPG 3527 #a35:d7e7:1 #FTA eNCA Africa
#POS 518 #EPG 3213 #969:c69f:1 #FTA RT
#POS 519 #EPG 5068 #a33:d6e5:19 #FTA ARISE News HD
#POS 520 #EPG 4003 #7f0:edb:19 #NDS Discovery HD
#POS 521 #EPG 2404 #7d9:183c:1 #NDS Discovery+1
#POS 522 #EPG 2407 #7d9:183f:1 #NDS Disc.History
#POS 523 #EPG 2409 #7d9:1841:1 #NDS Disc.Turbo
#POS 524 #EPG 2406 #7d9:183e:1 #NDS Disc.Science
#POS 525 #EPG 3813 #7e9:ee5:19 #NDS AnimalPlnt HD
#POS 526 #EPG 4031 #7e4:ef8:19 #NDS Nat Geo HD
#POS 527 #EPG 1822 #968:12c6:1 #NDS Nat Geo+1hr
#POS 528 #EPG 4025 #7ec:f2d:19 #NDS NatGeoWild HD
#POS 529 #EPG 4086 #7ec:f2e:19 #NDS History HD
#POS 530 #EPG 1891 #968:138b:1 #NDS History +1 hour
#POS 531 #EPG 1879 #a2c:d421:1 #NDS Military
#POS 532 #EPG 4068 #7e4:f1c:19 #NDS Eden HD
#POS 533 #EPG 2307 #7df:1dba:1 #NDS Eden+1
#POS 534 #EPG 2611 #7d6:197a:1 #NDS Blighty
#POS 535 #EPG 1352 #90b:ccb5:1 #NDS Animal Plnt+1
#POS 536 #EPG 2401 #7d9:1839:1 #NDS Discovery
#POS 537 #EPG 2305 #7d6:1969:1 #NDS YESTERDAY
#POS 538 #EPG 2615 #7df:1de2:1 #NDS YESTERDAY+1
#POS 539 #EPG 1872 #7ea:1291:1 #FTA CommunityChnl
#POS 543 #EPG 1806 #968:12c5:1 #NDS Nat Geo
#POS 544 #EPG 1847 #968:12c7:1 #NDS Nat Geo Wild
#POS 545 #EPG 1875 #968:122d:1 #NDS History
#POS 549 #EPG 1351 #90b:ccba:1 #NDS Disc.Sci+1
#POS 551 #EPG 2413 #90b:ccb0:1 #NDS ID
#POS 553 #EPG 4088 #7ec:f30:19 #NDS Crime HD
#POS 554 #EPG 3620 #8fd:cbc9:1 #NDS Crime+1
#POS 555 #EPG 1448 #968:12c2:1 #NDS Crime
#POS 557 #EPG 3760 #90b:ccd3:1 #NDS Disc.History+1
#POS 559 #EPG 2302 #7d6:1966:1 #NDS Eden
#POS 561 #EPG 2402 #7d9:183a:1 #NDS Animal Planet
#POS 570 #EPG 5071 #a29:d337:1 #FTA ARISE News
#POS 580 #EPG 3105 #a2b:d3c2:1 #FTA GOD Channel
#POS 581 #EPG 3116 #8fe:cb9f:1 #FTA revelation
#POS 583 #EPG 3109 #8fe:cb9c:1 #FTA TBN Europe
#POS 584 #EPG 3111 #8fd:cb8e:1 #FTA DAYSTAR
#POS 585 #EPG 4530 #907:cb21:1 #FTA UCB TV
#POS 586 #EPG 4245 #a2b:d3c3:1 #FTA LOVEWORLD TV
#POS 587 #EPG 3219 #a2b:d3c5:1 #FTA Inspiration
#POS 588 #EPG 6548 #a35:d7ec:1 #FTA Gospel Channel
#POS 589 #EPG 3117 #8fe:cba8:1 #FTA EWTN
#POS 590 #EPG 3205 #8fe:cba0:1 #FTA Word Network
#POS 591 #EPG 4404 #a29:d333:1 #FTA Faith World TV
#POS 592 #EPG 3776 #a29:d32c:1 #FTA KICC TV
#POS 593 #EPG 3648 #a2a:d377:1 #FTA Believe TV
#POS 594 #EPG 3604 #8fd:cb88:1 #FTA Olive TV
#POS 596 #EPG 3392 #8fd:cbca:1 #FTA Sonlife
#POS 601 #EPG 4077 #7eb:f1f:19 #NDS Cartoon Net HD
#POS 602 #EPG 5610 #7e2:1bbf:1 #NDS CN Too
#POS 603 #EPG 5609 #7e2:1bbe:1 #NDS Boomerang
#POS 604 #EPG 4069 #7e4:f1d:19 #NDS NickelodeonHD
#POS 605 #EPG 1845 #804:15b9:1 #NDS Nickelodeon+1 
#POS 606 #EPG 1849 #804:15ba:1 #NDS Nicktoons
#POS 607 #EPG 4070 #7d3:f1e:19 #NDS Disney XD HD
#POS 608 #EPG 1844 #803:2330:1 #NDS Disney XD+1
#POS 609 #EPG 4071 #7eb:f23:19 #NDS Disney Chnl HD
#POS 610 #EPG 1882 #803:232f:1 #NDS Disney Chnl+1
#POS 611 #EPG 1884 #803:232c:1 #NDS Disney Junior
#POS 612 #EPG 1890 #803:2332:1 #NDS Disney Junior+
#POS 613 #EPG 2020 #800:2870:1 #FTA CBBC Channel
#POS 614 #EPG 2019 #7fd:18ae:1 #FTA CBeebies
#POS 615 #EPG 1857 #804:15bb:1 #NDS Nick Jr.
#POS 616 #EPG 3750 #90a:d05c:1 #FTA POP
#POS 617 #EPG 3780 #90a:d052:1 #FTA Tiny Pop
#POS 618 #EPG 5603 #7e2:1bbd:1 #NDS Boomerang +1
#POS 619 #EPG 1371 #7e5:1591:1 #NDS Cartoonito
#POS 620 #EPG 4340 #909:d025:1 #NDS Nick Jr. 2
#POS 621 #EPG 6273 #7fc:2757:1 #FTA CITV
#POS 622 #EPG 4073 #7eb:f21:19 #NDS Disney Cine HD
#POS 623 #EPG 3645 #969:c7c9:1 #NDS BabyTV
#POS 625 #EPG 4261 #90a:d061:1 #FTA Tiny Pop +1
#POS 626 #EPG 4263 #90a:d070:1 #FTA PopGirl
#POS 627 #EPG 4262 #90a:d066:1 #FTA Kix!
#POS 628 #EPG 1889 #803:232b:1 #NDS Disney Cine+1
#POS 629 #EPG 4216 #90a:d07a:1 #FTA PopGirl +1
#POS 630 #EPG 5089 #96b:c792:1 #FTA Nick Jr+1
#POS 631 #EPG 1887 #803:232a:1 #NDS Disney Cine
#POS 632 #EPG 1846 #804:15b8:1 #NDS Nickelodeon
#POS 633 #EPG 1843 #803:2333:1 #NDS Disney XD
#POS 634 #EPG 5601 #7e2:1bbc:1 #NDS Cartoon Netwrk
#POS 635 #EPG 1881 #803:2329:1 #NDS Disney Chnl
#POS 640 #EPG 5907 #7e1:1c3e:1 #FTA QVC
#POS 641 #EPG 5761 #a2a:d386:1 #FTA JML Direct
#POS 642 #EPG 3210 #a2a:d35a:1 #FTA Argos TV
#POS 643 #EPG 3351 #a34:253b:1 #FTA TV SHOP
#POS 644 #EPG 5900 #8ff:cc08:1 #FTA Ideal World
#POS 645 #EPG 5952 #902:cd1e:1 #FTA price drop
#POS 646 #EPG 3580 #a2c:d42b:1 #FTA Pitch TV
#POS 647 #EPG 5608 #a2a:d357:1 #FTA Retail TV
#POS 648 #EPG 5706 #a34:d73e:1 #FTA High Street TV
#POS 649 #EPG 4100 #a2a:d360:1 #FTA Best Direct
#POS 650 #EPG 5707 #964:c4a4:1 #FTA Jewellery Ch.
#POS 651 #EPG 5740 #8ff:cc09:1 #FTA Ideal Extra
#POS 652 #EPG 3010 #a34:d746:1 #FTA Gems TV
#POS 653 #EPG 3357 #a34:2541:1 #FTA JML Living
#POS 654 #EPG 5905 #7e1:1c52:1 #FTA bid
#POS 655 #EPG 3354 #907:cb26:1 #FTA Jewelry Maker
#POS 656 #EPG 3404 #a34:d740:1 #FTA TGGC Outlet
#POS 657 #EPG 3632 #a2c:d458:1 #FTA Pitch World 
#POS 658 #EPG 4105 #a2a:d361:1 #FTA QVC Beauty
#POS 659 #EPG 3800 #965:c4e0:1 #FTA Paversshoes.tv
#POS 660 #EPG 3805 #8fd:cb8d:1 #FTA Thane Direct
#POS 664 #EPG 4360 #965:c4f9:1 #FTA V Channel
#POS 665 #EPG 5951 #902:cd41:1 #FTA speed auction
#POS 666 #EPG 3353 #a34:253d:1 #FTA Rocks & Co 1
#POS 667 #EPG 3359 #a2a:d368:1 #FTA Sparkle TV
#POS 668 #EPG 3012 #8ff:cc0b:1 #FTA theDealchannel
#POS 671 #EPG 5741 #8ff:cc0a:1 #FTA Create & Craft
#POS 677 #EPG 4547 #90c:d155:1 #FTA CelebrityShop
#POS 681 #EPG 3525 #a35:d7d2:1 #FTA The Dept Store
#POS 682 #EPG 3585 #a35:d7c6:1 #FTA The Mall
#POS 683 #EPG 4410 #a36:d807:1 #FTA Twinkle TV
#POS 700 #EPG 1699 #966:14ab:5 #NDS Sky Box Office
#POS 701 #EPG 1501 #7dc:10e6:5 #NDS Sky Box Office
#POS 702 #EPG 1502 #7dc:10e7:5 #NDS Sky Box Office
#POS 703 #EPG 1503 #7dc:10e8:5 #NDS Sky Box Office
#POS 704 #EPG 1504 #966:10e9:5 #NDS Sky Box Office
#POS 705 #EPG 1505 #7dc:10ea:5 #NDS Sky Box Office
#POS 706 #EPG 1506 #7dc:114a:5 #NDS Sky Box Office
#POS 707 #EPG 1507 #7dc:114b:5 #NDS Sky Box Office
#POS 708 #EPG 1508 #7dc:114c:5 #NDS Sky Box Office
#POS 709 #EPG 1509 #7dc:114d:5 #NDS Sky Box Office
#POS 710 #EPG 1510 #7dc:114e:5 #NDS Sky Box Office
#POS 711 #EPG 1511 #7dc:11ae:5 #NDS Sky Box Office
#POS 712 #EPG 1512 #7dc:11af:5 #NDS Sky Box Office
#POS 713 #EPG 1513 #7dc:11b0:5 #NDS Sky Box Office
#POS 714 #EPG 1514 #7db:11b1:5 #NDS Sky Box Office
#POS 715 #EPG 1515 #7db:11b2:5 #NDS Sky Box Office
#POS 716 #EPG 1516 #7db:1212:5 #NDS Sky Box Office
#POS 717 #EPG 1517 #7db:1213:5 #NDS Sky Box Office
#POS 718 #EPG 1518 #7db:1214:5 #NDS Sky Box Office
#POS 719 #EPG 1519 #7db:1215:5 #NDS Sky Box Office
#POS 720 #EPG 1520 #7db:1216:5 #NDS Sky Box Office
#POS 721 #EPG 1521 #7db:1276:5 #NDS Sky Box Office
#POS 722 #EPG 1522 #7db:1277:5 #NDS Sky Box Office
#POS 723 #EPG 1523 #7db:1278:5 #NDS Sky Box Office
#POS 724 #EPG 1524 #7db:1279:5 #NDS Sky Box Office
#POS 725 #EPG 1525 #7db:127a:5 #NDS Sky Box Office
#POS 726 #EPG 1526 #7db:12da:5 #NDS Sky Box Office
#POS 727 #EPG 1527 #7db:12db:5 #NDS Sky Box Office
#POS 728 #EPG 1528 #7dc:12dc:5 #NDS Sky Box Office
#POS 729 #EPG 1529 #966:12dd:5 #NDS Sky Box Office
#POS 730 #EPG 1530 #966:12de:5 #NDS Sky Box Office
#POS 731 #EPG 1531 #966:133e:5 #NDS Sky Box Office
#POS 743 #EPG 1690 #963:132a:5 #NDS Sky Box Office
#POS 744 #EPG 1539 #966:13a5:5 #NDS Sky Box Office
#POS 752 #EPG 4032 #7f0:f27:87 #NDS SBO HD1
#POS 754 #EPG 1560 #966:15ae:5 #NDS Sky Box Office
#POS 755 #EPG 1561 #966:15af:5 #NDS Sky Box Office
#POS 780 #EPG 5703 #8fe:cba6:1 #NDS B4U Movies
#POS 781 #EPG 5708 #8fe:cba7:1 #FTA B4U Music
#POS 782 #EPG 2601 #7de:1cfc:1 #NDS SONY TV Asia
#POS 783 #EPG 3608 #900:d7aa:1 #NDS Star Life OK
#POS 784 #EPG 5300 #808:fc9:19 #NDS Star Plus HD
#POS 785 #EPG 3258 #969:c6be:1 #FTA PCNE Chinese
#POS 786 #EPG 3820 #a2a:d363:1 #FTA Bangla TV
#POS 787 #EPG 3201 #8fe:cb9b:1 #FTA mta-muslim tv
#POS 788 #EPG 2607 #965:c51c:1 #NDS Zee TV
#POS 789 #EPG 2606 #965:c526:1 #FTA Zing
#POS 790 #EPG 2608 #965:c521:1 #NDS Zee Cinema
#POS 791 #EPG 4753 #965:c4ef:1 #NDS ARY Ent
#POS 792 #EPG 3000 #a36:d80c:1 #FTA PTV Prime
#POS 793 #EPG 3401 #a2c:d41c:1 #FTA MATV National
#POS 796 #EPG 3209 #969:c6b2:1 #FTA Abu Dhabi TV
#POS 797 #EPG 3251 #a2b:d3ca:1 #FTA UMP Movies
#POS 798 #EPG 2609 #965:c530:1 #NDS Zee Café
#POS 799 #EPG 1805 #902:cd5f:1 #NDS TV5
#POS 800 #EPG 2603 #902:cd23:1 #NDS SONY MAX
#POS 801 #EPG 3412 #a34:253f:1 #FTA Record TV
#POS 802 #EPG 3609 #a2b:d3cb:1 #FTA DM Digital
#POS 803 #EPG 4549 #909:d02a:1 #FTA Hidayat TV
#POS 804 #EPG 4265 #902:cd37:1 #FTA ARY QTV
#POS 805 #EPG 3720 #969:c6c4:1 #FTA Venus TV
#POS 806 #EPG 3806 #90c:d101:1 #FTA ARY World
#POS 808 #EPG 3612 #8fd:cb90:1 #NDS Star Jalsha
#POS 809 #EPG 3613 #8fd:cb91:1 #NDS Star GOLD
#POS 810 #EPG 3646 #908:cf7c:1 #FTA PTV Global
#POS 813 #EPG 3214 #964:c49f:1 #FTA Islam Channel
#POS 814 #EPG 3815 #8fe:cba2:1 #FTA CHSTV
#POS 815 #EPG 4110 #902:cd14:1 #NDS GEO UK
#POS 816 #EPG 3631 #a2a:d35b:1 #FTA SONY SAB
#POS 817 #EPG 3630 #908:cf79:1 #FTA Sahara One
#POS 818 #EPG 3255 #962:d8e5:1 #FTA AAJ TAK
#POS 819 #EPG 3715 #969:c6c1:1 #FTA Noor TV
#POS 820 #EPG 3704 #a29:d32f:1 #FTA Peace TV
#POS 822 #EPG 5715 #962:d8e0:1 #FTA Music India
#POS 823 #EPG 3638 #908:cf7e:1 #FTA jazeerachildren
#POS 824 #EPG 4402 #902:cd19:1 #NDS AAG
#POS 825 #EPG 4407 #965:c4e5:1 #NDS GEO News
#POS 826 #EPG 6754 #a29:d326:1 #FTA IQRA TV
#POS 827 #EPG 6753 #8fe:cba3:1 #FTA ATN Bangla UK
#POS 828 #EPG 4504 #907:cb24:1 #FTA UMMAH CHNL
#POS 829 #EPG 3714 #902:cd28:1 #NDS COLORS
#POS 831 #EPG 3916 #900:d7a9:1 #FTA Rishtey
#POS 832 #EPG 4403 #a2a:d39a:1 #FTA Glory TV
#POS 833 #EPG 3653 #a34:d744:1 #FTA Brit Asia TV
#POS 834 #EPG 3914 #a29:d335:1 #FTA CH NINE UK
#POS 836 #EPG 6765 #a36:d80b:1 #FTA Ahlebait TV
#POS 838 #EPG 4460 #a29:d334:1 #FTA Madani Chnl
#POS 840 #EPG 3650 #a36:d810:1 #FTA Sikh Channel
#POS 841 #EPG 3224 #a29:d330:1 #FTA Peace TV Urdu
#POS 842 #EPG 3701 #900:d7bc:1 #FTA Ahlulbayt TV
#POS 843 #EPG 3722 #a36:d80d:1 #FTA Samaa
#POS 844 #EPG 4102 #a29:d32e:1 #FTA Channel i
#POS 845 #EPG 4408 #900:d7ad:1 #FTA Takbeer TV
#POS 846 #EPG 2602 #965:c52b:1 #NDS Zee Punjabi
#POS 847 #EPG 3355 #a34:2540:1 #FTA Sangat
#POS 849 #EPG 3594 #962:d8cc:1 #FTA Aastha
#POS 851 #EPG 3515 #962:d8db:1 #FTA 9XM
#POS 852 #EPG 4540 #a2b:d3cd:1 #FTA NTV
#POS 854 #EPG 1771 #8fd:cb8c:1 #NDS Star Plus
#POS 855 #EPG 4645 #804:1225:1 #FTA SkyNws Arabia
#POS 881 #EPG 1831 #966:2457:1 #NDS Pub Channel
#POS 886 #EPG 3415 #900:d7ba:1 #FTA Psychic Today
#POS 889 #EPG 4101 #7f3:c1d:19 #NDS Sky Insider HD
#POS 899 #EPG 1819 #7dc:11ad:1 #FTA Sky Intro
#POS 950 #EPG 1852 #7dc:11a3:1 #FTA Sky Intro
#POS 951 #EPG 2004 #7ff:1915:1 #FTA BBC 1 Scotland
#POS 952 #EPG 2003 #7fe:2847:1 #FTA BBC 1 Wales
#POS 953 #EPG 2005 #800:2879:1 #FTA BBC 1 NI
#POS 955 #EPG 2155 #7ff:1947:1 #FTA BBC 1 NE & C
#POS 956 #EPG 2104 #7ff:1933:1 #FTA BBC 1 Yorks
#POS 957 #EPG 2103 #7fe:283f:1 #FTA BBC 1 Yrks&Lin
#POS 958 #EPG 2102 #7ff:1929:1 #FTA BBC 1 N West
#POS 959 #EPG 2101 #7fe:283d:1 #FTA BBC 1 W Mids
#POS 960 #EPG 2105 #7fe:2841:1 #FTA BBC 1 E Mids
#POS 961 #EPG 2106 #7fe:2842:1 #FTA BBC 1 East (E)
#POS 962 #EPG 2073 #7fd:18cf:1 #FTA BBC 1 East (W)
#POS 963 #EPG 2152 #7ff:193d:1 #FTA BBC 1 S East
#POS 964 #EPG 2153 #800:2871:1 #FTA BBC 1 South
#POS 965 #EPG 2156 #800:2874:1 #FTA BBC 1 Oxford
#POS 966 #EPG 2151 #7fd:18c5:1 #FTA BBC 1 West
#POS 967 #EPG 2154 #800:2872:1 #FTA BBC 1 S West
#POS 968 #EPG 2074 #7fd:18d9:1 #FTA BBC 1 CI
#POS 970 #EPG 2016 #7ff:1916:1 #FTA BBC 2 Scotland
#POS 971 #EPG 2015 #7fe:2848:1 #FTA BBC 2 Wales
#POS 972 #EPG 2017 #800:287a:1 #FTA BBC 2 NI
#POS 992 #EPG 4693 #7fb:2585:1 #NDS TV3
#POS 993 #EPG 18067 #8fd:cb87:1 #NDS e3
#POS 994 #EPG 6210 #808:f0f:19 #FTA STV HD
#POS 995 #EPG 5106 #7d7:13f2:1 #NDS Sky Chnl 995
#POS 996 #EPG 1850 #7dc:138f:2 #FTA Chl Line-up
#POS 997 #EPG 4001 #7d5:ed9:19 #NDS HD Retail Info
#POS 998 #EPG 1851 #7dc:138c:1 #FTA Sky Intro
#POS 999 #EPG 1810 #7dc:1199:1 #FTA Sky
#POS ffff #EPG 1050 #7d4:41a:c6 #FTA BDL
#POS ffff #EPG 1051 #7d4:41b:b5 #FTA 1051
#POS ffff #EPG 1101 #7dc:1019:4 #NDS Sky Box Office
#POS ffff #EPG 1102 #7db:101a:4 #NDS Sky Box Office
#POS ffff #EPG 1103 #966:101b:4 #NDS Sky Box Office
#POS ffff #EPG 1108 #963:1020:4 #NDS XXXFirst Timers
#POS ffff #EPG 1110 #963:1022:4 #NDS Sky Box Office
#POS ffff #EPG 1111 #963:1023:4 #NDS Playboy Lovers
#POS ffff #EPG 1112 #963:1024:4 #NDS XXX Mums
#POS ffff #EPG 1116 #963:1028:4 #NDS UK Swingers
#POS ffff #EPG 1117 #963:1029:4 #NDS Viewers' Wives
#POS ffff #EPG 1119 #a35:102b:4 #NDS Xplicit Nightly
#POS ffff #EPG 1121 #7f0:102d:4 #NDS Sky Box Office
#POS ffff #EPG 1122 #963:102e:4 #NDS XXX Gay
#POS ffff #EPG 1123 #963:102f:4 #NDS Blue Tube
#POS ffff #EPG 1125 #a35:1031:4 #NDS Primetime
#POS ffff #EPG 1140 #968:1034:4 #NDS Anytime
#POS ffff #EPG 1151 #7d4:105d:83 #NDS IEPG data 1
#POS ffff #EPG 1381 #804:1523:82 #NDS 1381
#POS ffff #EPG 1382 #804:1524:82 #NDS 1382
#POS ffff #EPG 1383 #804:1525:82 #NDS 1383
#POS ffff #EPG 1384 #804:1526:82 #NDS 1384
#POS ffff #EPG 1385 #804:1527:82 #NDS 1385
#POS ffff #EPG 1386 #804:1528:82 #NDS 1386
#POS ffff #EPG 1391 #7e3:152d:82 #NDS 1391
#POS ffff #EPG 1392 #7e3:152e:82 #NDS 1392
#POS ffff #EPG 1393 #7e3:152f:82 #NDS 1393
#POS ffff #EPG 1394 #7e3:1530:82 #NDS 1394
#POS ffff #EPG 1395 #7e3:1531:82 #NDS 1395
#POS ffff #EPG 1396 #7e3:1532:82 #NDS 1396
#POS ffff #EPG 1397 #7e3:1533:82 #NDS 1397
#POS ffff #EPG 1398 #7e3:1534:82 #NDS 1398
#POS ffff #EPG 1399 #7e3:1535:82 #NDS 1399
#POS ffff #EPG 1471 #7e3:155f:85 #NDS 1471
#POS ffff #EPG 1472 #7e3:1560:85 #NDS 1472
#POS ffff #EPG 1473 #7e3:1561:85 #NDS 1473
#POS ffff #EPG 1474 #7e3:1562:85 #NDS 1474
#POS ffff #EPG 1475 #7e3:1563:85 #NDS 1475
#POS ffff #EPG 1476 #7e3:1564:85 #NDS 1476
#POS ffff #EPG 1477 #7e3:1565:85 #NDS 1477
#POS ffff #EPG 1478 #7e3:1566:85 #NDS 1478
#POS ffff #EPG 1479 #7e3:1567:85 #NDS 1479
#POS ffff #EPG 1481 #804:1569:85 #NDS 1481
#POS ffff #EPG 1482 #804:156a:85 #NDS 1482
#POS ffff #EPG 1483 #804:156b:85 #NDS 1483
#POS ffff #EPG 1484 #804:156c:85 #NDS 1484
#POS ffff #EPG 1485 #804:156d:85 #NDS 1485
#POS ffff #EPG 2051 #7fd:18f6:1 #FTA 6390
#POS ffff #EPG 2052 #7fd:18f7:1 #FTA 6391
#POS ffff #EPG 2521 #7da:1b6d:1 #NDS MTV Trax
#POS ffff #EPG 2542 #7da:1b82:82 #NDS 7042
#POS ffff #EPG 4094 #968:f36:5 #NDS Anytime
#POS ffff #EPG 4095 #968:f37:5 #NDS Anytime
#POS ffff #EPG 4096 #7d5:f38:5 #NDS Anytime
#POS ffff #EPG 4097 #7f7:f39:5 #NDS Anytime
#POS ffff #EPG 4098 #7f3:f3a:5 #NDS Anytime
#POS ffff #EPG 5913 #7e1:1c43:82 #FTA QVC Mosaic Test
#POS ffff #EPG 5915 #7e1:1c44:82 #FTA QVC MOSAIC
#POS ffff #EPG 6170 #7fc:275f:82 #FTA ITVi Stream 44
#POS ffff #EPG 8016 #7ea:1fd0:82 #NDS launchpad
#POS ffff #EPG 8023 #7d4:1f6c:82 #NDS eSales Test
#POS ffff #EPG 8029 #7ee:20cf:82 #FTA Vegas Monty Python
#POS ffff #EPG 8035 #7d4:1ffc:82 #NDS Sky Itext Holidays
#POS ffff #EPG 8041 #7ee:1fa4:82 #NDS Looking Local
#POS ffff #EPG 8047 #7e3:1fcd:82 #NDS Games Slot 19
#POS ffff #EPG 8052 #7e3:1f5f:82 #NDS Games Slot 3
#POS ffff #EPG 8054 #7d4:1f88:82 #NDS Wap Casino One
#POS ffff #EPG 8058 #963:1ff8:82 #FTA Pin Reminder Service
#POS ffff #EPG 8060 #7d4:1f48:82 #NDS STB Dev App
#POS ffff #EPG 8074 #7e3:1fcb:82 #NDS Games Slot 25
#POS ffff #EPG 8077 #7e3:1fce:82 #NDS Games Slot 4 (catflap)
#POS ffff #EPG 8094 #7d7:1f47:82 #FTA Sky Bet Reg
#POS ffff #EPG 8099 #7e3:2005:82 #NDS Games Slot 21
#POS ffff #EPG 8104 #7d4:1fef:82 #NDS Vegas 3 Card poker
#POS ffff #EPG 8113 #7e3:1fb6:82 #FTA Game Slot 18
#POS ffff #EPG 8126 #7ee:1f42:82 #NDS Personal Organiser
#POS ffff #EPG 8135 #7e3:1fc0:82 #FTA Game Slot 22
#POS ffff #EPG 8137 #7ee:1f64:82 #NDS Sky Active WML Browser
#POS ffff #EPG 8144 #7e3:1f45:82 #NDS Cartoon Network Game 4
#POS ffff #EPG 8153 #7ee:1f6a:82 #NDS Vegas Blackjack
#POS ffff #EPG 8154 #7d4:1f5a:82 #FTA Sky Showcase Search
#POS ffff #EPG 8175 #7ea:201a:82 #FTA Sky News Active iText Quad
#POS ffff #EPG 8176 #7e7:1f43:82 #NDS Vegas Roulette II
#POS ffff #EPG 8177 #7e3:1f73:82 #NDS Cartoon Network Game 1
#POS ffff #EPG 8178 #7e3:1fc8:82 #NDS Cartoon Network Game 2
#POS ffff #EPG 8179 #7e3:1fca:82 #NDS Cartoon Network Game 3
#POS ffff #EPG 8193 #7d4:1fc5:82 #NDS Rewards from Sky
#POS ffff #EPG 8198 #7ee:1f82:82 #NDS Super 6's
#POS ffff #EPG 8221 #7d4:1f70:82 #NDS Vegas Rainbow Riches
#POS ffff #EPG 8222 #7ee:1fe2:82 #NDS Vegas Cashino
#POS 080c #EPG 8265 #7d7:1fbf:82 #NDS Sky Customer Service
#POS ffff #EPG 8275 #963:1f46:82 #NDS Sky Active Standalone
#POS ffff #EPG 8299 #963:1f54:82 #FTA Program Your Remote
#POS ffff #EPG 8326 #7e7:1f4b:82 #NDS Installation Survey
#POS ffff #EPG 8327 #7dc:1f4c:82 #FTA TV Picks 2009
#POS ffff #EPG 8328 #7d4:1ff7:82 #FTA Portal Video 5
#POS ffff #EPG 8329 #7d4:1f4e:82 #NDS Sky Upgrade Dal
#POS ffff #EPG 8330 #7e5:1f4f:82 #FTA FAQ Development
#POS ffff #EPG 8343 #7e3:1fcc:82 #FTA Game Slot 26
#POS ffff #EPG 8344 #7e3:1f7e:82 #NDS Games Slot 5
#POS ffff #EPG 8346 #963:1f55:82 #NDS iSales Viewing Upgrade
#POS ffff #EPG 8347 #7d4:1f71:82 #FTA Vegas Video Poker
#POS ffff #EPG 8349 #7d4:1fc6:82 #NDS iSales Sky Products
#POS ffff #EPG 8350 #7d4:1fc7:82 #NDS NPS Red Button Survey
#POS 07df #EPG 8351 #7e3:1fab:82 #FTA Sky Games
#POS ffff #EPG 8369 #7d4:2007:82 #FTA Portal Video 2
#POS ffff #EPG 8376 #7ee:1f8b:82 #NDS SOM Test Bert/Ernie
#POS ffff #EPG 8378 #7e7:1fa7:82 #NDS Vegas DOND
#POS ffff #EPG 8379 #7e3:1fad:82 #NDS Games Slot 9
#POS ffff #EPG 8382 #7e3:1fbc:82 #NDS Games Slot 12
#POS ffff #EPG 8386 #7e3:200f:82 #NDS Games Slot 16
#POS ffff #EPG 8389 #7ea:1f49:82 #FTA TV Highlights
#POS ffff #EPG 8400 #7dc:1f5e:82 #NDS Vegas Cleopatra
#POS ffff #EPG 8408 #963:1f7c:82 #NDS High Score
#POS 0820 #EPG 8409 #7dc:1f7d:82 #NDS Sky Bet and Sky Vegas
#POS ffff #EPG 8424 #7e3:1fff:82 #FTA Sports Generic Apps
#POS ffff #EPG 8438 #963:1f69:82 #NDS iSales Hardware
#POS ffff #EPG 8451 #7d7:1f81:82 #NDS Sky Customer Service
#POS ffff #EPG 8454 #7e3:1fb3:82 #FTA Game Slot 20
#POS 07d0 #EPG 8458 #7d4:1f95:82 #NDS Sky Active
#POS ffff #EPG 8464 #7e3:1fd2:82 #FTA Game Slot 17
#POS ffff #EPG 8475 #7e3:2018:82 #NDS Highlight Videos
#POS ffff #EPG 8495 #7d7:1f6d:82 #NDS Sky Bet Active
#POS ffff #EPG 8511 #7d7:1f67:82 #NDS iText Sprint
#POS ffff #EPG 8612 #7e3:1fd7:82 #NDS Games Slot 2
#POS ffff #EPG 8613 #7e3:2000:82 #NDS Games Slot 1
#POS ffff #EPG 8617 #7e3:1fe6:82 #NDS Games Slot 10
#POS ffff #EPG 8619 #7e3:1f7f:82 #NDS Games Slot 7
#POS ffff #EPG 8624 #7e3:1f8a:82 #NDS Games Slot 6
#POS ffff #EPG 8625 #7e3:1fe9:82 #NDS Games Slot 11
#POS ffff #EPG 8626 #7ea:1f44:82 #NDS Games Slot 13
#POS ffff #EPG 8633 #7ee:1fea:82 #NDS Games Slot 14
#POS ffff #EPG 8751 #7e5:1f7a:82 #NDS Sports Swiching Browser
#POS ffff #EPG 9009 #7ee:2331:1 #NDS Sky 1 ETV Slot1
#POS 3101 #EPG 2111 #7ff:1932:2 #FTA BBC R1
#POS 3102 #EPG 2112 #7ff:1934:2 #FTA BBC R2
#POS 3103 #EPG 2113 #7fe:288c:2 #FTA BBC R3
#POS 3104 #EPG 2114 #7fe:288d:2 #FTA BBC R4 FM
#POS 3105 #EPG 2026 #7ff:1901:2 #FTA BBC R5L
#POS 3106 #EPG 3470 #a34:2562:2 #FTA Classic FM
#POS 3107 #EPG 2901 #a36:d852:2 #FTA Absolute
#POS 3108 #EPG 2902 #806:27fe:2 #FTA talkSPORT
#POS 3109 #EPG 2908 #a34:2558:2 #FTA Capital FM
#POS 3110 #EPG 3475 #a34:2567:2 #FTA Planet Rock
#POS 3111 #EPG 2909 #907:cb3e:2 #FTA Heart
#POS 3112 #EPG 2926 #907:cb3d:2 #FTA LBC 97.3
#POS 3113 #EPG 2904 #a34:2557:2 #FTA XFM
#POS 3114 #EPG 2971 #a34:254d:2 #FTA Choice FM
#POS 3115 #EPG 2122 #7fe:2891:2 #FTA BBC WS
#POS 3116 #EPG 2117 #7fe:2892:2 #FTA BBC R Scot.
#POS 3117 #EPG 2118 #7fe:2894:2 #FTA BBC R Wales
#POS 3118 #EPG 2119 #7fe:2896:2 #FTA BBC R Ulster
#POS 3119 #EPG 2120 #7ff:193c:2 #FTA BBC Asian
#POS 3120 #EPG 2127 #7fe:288f:2 #FTA BBC 6 Music
#POS 3121 #EPG 2903 #a34:2559:2 #FTA Gold
#POS 3122 #EPG 4158 #a36:d841:2 #FTA WRN Europe
#POS 3124 #EPG 2928 #907:cb3f:2 #FTA LBC News
#POS 3125 #EPG 2856 #a34:254f:2 #FTA UCB UK
#POS 3128 #EPG 2917 #969:c6c7:2 #FTA Smooth
#POS 3129 #EPG 3377 #a34:2555:2 #FTA Solar Radio
#POS 3130 #EPG 3363 #8fd:cba4:2 #FTA Panjab Radio
#POS 3131 #EPG 2128 #7fe:2890:2 #FTA BBC R4 Ex
#POS 3134 #EPG 2860 #a34:2551:2 #FTA UCB Bible
#POS 3135 #EPG 2861 #a34:2552:2 #FTA UCB Gospel
#POS 3136 #EPG 2858 #a34:2550:2 #FTA UCB Insp
#POS 3137 #EPG 2126 #7ff:1942:2 #FTA BBC R1X
#POS 3138 #EPG 4155 #a36:d845:2 #FTA TWR
#POS 3139 #EPG 2129 #7fe:2893:2 #FTA BBC R n Gael
#POS 3143 #EPG 2115 #7fe:288e:2 #FTA BBC R4 LW
#POS 3144 #EPG 2034 #7ff:1940:2 #FTA BBC R5SX
#POS 3146 #EPG 2920 #969:c6c6:2 #FTA Real Radio
#POS 3147 #EPG 4163 #8fe:cba9:2 #FTA EWTN
#POS 3150 #EPG 3368 #a34:254c:2 #FTA Sukh Sagar
#POS 3151 #EPG 3383 #a34:255b:2 #FTA Khushkhabri
#POS 3152 #EPG 2130 #7ff:1946:2 #FTA BBC  London
#POS 3154 #EPG 2123 #7fe:2895:2 #FTA BBC R Cymru
#POS 3160 #EPG 1261 #7fb:258b:2 #FTA RTE Radio 1
#POS 3164 #EPG 1262 #7fb:258c:2 #FTA RTE 2FM
#POS 3165 #EPG 1264 #7fb:258e:2 #FTA RTE Lyric fm
#POS 3166 #EPG 1263 #7fb:258d:2 #FTA RTE R na G
#POS 3169 #EPG 4152 #a36:d848:2 #FTA Desi Radio
#POS 3178 #EPG 3656 #969:c6a8:2 #FTA Kiss
#POS 3180 #EPG 3660 #969:c6ac:2 #FTA Magic
#POS 3184 #EPG 4165 #a36:d84a:2 #FTA Shop Radio
#POS 3185 #EPG 4156 #a36:d844:2 #FTA Spectrum 1
#POS 3186 #EPG 3366 #a36:d84d:2 #FTA Liberty
#POS 3188 #EPG 4160 #a36:d843:2 #FTA InsightRadio
#POS 3200 #EPG 4373 #a36:d84e:2 #FTA Absolute80s
#POS 3201 #EPG 4371 #a36:d84f:2 #FTA Absolute CR
#POS 3202 #EPG 4376 #a36:d851:2 #FTA Jazz FM
#POS 3203 #EPG 4372 #a36:d850:2 #FTA Abs Rad 90s
#POS 3205 #EPG 4377 #a36:d84b:2 #FTA Kanshi Radio
#POS 3207 #EPG 4179 #a36:d849:2 #FTA Rainbow
#POS 3209 #EPG 4161 #a36:d84c:2 #FTA Yorkshire R
#POS 3210 #EPG 3616 #96c:c7aa:2 #FTA Newstalk
#POS 3211 #EPG 3371 #907:cb3c:2 #FTA BFBS Radio
#POS 3214 #EPG 2862 #a34:d758:2 #FTA UCB Ireland
Process Time: 1 minutes 52 seconds
Fri Mar 22 03:37:32 GMT 2013
